#-----------------------------------------------------------
# Vivado v2019.1 (64-bit)
# SW Build 2552052 on Fri May 24 14:49:42 MDT 2019
# IP Build 2548770 on Fri May 24 18:01:18 MDT 2019
# Start of session at: Sat Oct 12 16:10:41 2019
# Process ID: 1924
# Current directory: D:/codehub/VIVADO/LOONGSON/OpenMIPS
# Command line: vivado.exe -gui_launcher_event rodinguilauncherevent5456 D:\codehub\VIVADO\LOONGSON\OpenMIPS\OpenMIPS.xpr
# Log file: D:/codehub/VIVADO/LOONGSON/OpenMIPS/vivado.log
# Journal file: D:/codehub/VIVADO/LOONGSON/OpenMIPS\vivado.jou
#-----------------------------------------------------------
start_gui
open_project D:/codehub/VIVADO/LOONGSON/OpenMIPS/OpenMIPS.xpr
Scanning sources...
Finished scanning sources
INFO: [IP_Flow 19-234] Refreshing IP repositories
INFO: [IP_Flow 19-1704] No user IP repositories specified
INFO: [IP_Flow 19-2313] Loaded Vivado IP repository 'D:/xilinx/Vivado/2019.1/data/ip'.
open_project: Time (s): cpu = 00:00:11 ; elapsed = 00:00:17 . Memory (MB): peak = 677.223 ; gain = 70.613
update_compile_order -fileset sources_1
exit
INFO: [Common 17-206] Exiting Vivado at Sat Oct 12 20:47:42 2019...
