#-----------------------------------------------------------
# Vivado v2019.1 (64-bit)
# SW Build 2552052 on Fri May 24 14:49:42 MDT 2019
# IP Build 2548770 on Fri May 24 18:01:18 MDT 2019
# Start of session at: Thu Oct 10 09:38:22 2019
# Process ID: 13328
# Current directory: D:/codehub/VIVADO/LOONGSON/OpenMIPS
# Command line: vivado.exe -gui_launcher_event rodinguilauncherevent18420 D:\codehub\VIVADO\LOONGSON\OpenMIPS\OpenMIPS.xpr
# Log file: D:/codehub/VIVADO/LOONGSON/OpenMIPS/vivado.log
# Journal file: D:/codehub/VIVADO/LOONGSON/OpenMIPS\vivado.jou
#-----------------------------------------------------------
start_gui
open_project D:/codehub/VIVADO/LOONGSON/OpenMIPS/OpenMIPS.xpr
Scanning sources...
Finished scanning sources
INFO: [IP_Flow 19-234] Refreshing IP repositories
INFO: [IP_Flow 19-1704] No user IP repositories specified
INFO: [IP_Flow 19-2313] Loaded Vivado IP repository 'C:/Xilinx/Vivado/2019.1/data/ip'.
open_project: Time (s): cpu = 00:00:16 ; elapsed = 00:00:07 . Memory (MB): peak = 709.828 ; gain = 74.570
update_compile_order -fileset sources_1
close [ open D:/codehub/VIVADO/LOONGSON/OpenMIPS/OpenMIPS.srcs/sources_1/new/regfile.v w ]
add_files D:/codehub/VIVADO/LOONGSON/OpenMIPS/OpenMIPS.srcs/sources_1/new/regfile.v
update_compile_order -fileset sources_1
exit
INFO: [Common 17-206] Exiting Vivado at Thu Oct 10 10:33:54 2019...
