#
# A fatal error has been detected by the Java Runtime Environment:
#
#  EXCEPTION_ACCESS_VIOLATION (0xc0000005) at pc=0x00007ffaaa163370, pid=5044, tid=6592
#
# JRE version: Java(TM) SE Runtime Environment (9.0+11) (build 9.0.4+11)
# Java VM: Java HotSpot(TM) 64-Bit Server VM (9.0.4+11, mixed mode, tiered, compressed oops, g1 gc, windows-amd64)
# Problematic frame:
# C  0x00007ffaaa163370
#
# No core dump will be written. Minidumps are not enabled by default on client versions of Windows
#
# If you would like to submit a bug report, please visit:
#   http://bugreport.java.com/bugreport/crash.jsp
# The crash happened outside the Java Virtual Machine in native code.
# See problematic frame for where to report the bug.
#

---------------  S U M M A R Y ------------

Command Line: -Dsun.java2d.pmoffscreen=false -Dsun.java2d.xrender=false -Dsun.java2d.d3d=false -Dsun.awt.nopixfmt=true -Dsun.java2d.dpiaware=true -Dsun.java2d.uiScale.enabled=false -Xverify:none -Dswing.aatext=true -XX:-UsePerfData -Djdk.map.althashing.threshold=512 -XX:StringTableSize=4072 --add-opens=java.base/java.nio=ALL-UNNAMED --add-opens=java.desktop/sun.swing=ALL-UNNAMED --add-opens=java.desktop/javax.swing=ALL-UNNAMED --add-opens=java.desktop/javax.swing.tree=ALL-UNNAMED --add-opens=java.desktop/javax.swing.plaf.basic=ALL-UNNAMED --add-opens=java.desktop/javax.swing.plaf.synth=ALL-UNNAMED --add-opens=java.desktop/com.sun.awt=ALL-UNNAMED -XX:NewSize=60m -XX:MaxNewSize=60m -Xms128m -Xmx3072m -Xss5m 

Host: Intel(R) Core(TM) i5-6500 CPU @ 3.20GHz, 4 cores, 15G,  Windows 10 , 64 bit Build 18362 (10.0.18362.329)
Time: Wed Oct 16 16:38:28 2019 ?D1¨²¡À¨º¡Á?¨º¡À?? elapsed time: 1769 seconds (0d 0h 29m 29s)

---------------  T H R E A D  ---------------

Current thread (0x000002771dcdc800):  JavaThread "AWT-EventQueue-1" [_thread_in_native, id=6592, stack(0x000000c245000000,0x000000c245500000)]

Stack: [0x000000c245000000,0x000000c245500000],  sp=0x000000c2454f3c08,  free space=5071k
Native frames: (J=compiled Java code, j=interpreted, Vv=VM code, C=native code)
C  0x00007ffaaa163370

Java frames: (J=compiled Java code, j=interpreted, Vv=VM code)
J 19460  ui.views.waveform.waveformi.WVExecutive_getGraphicsDataSize(J)J (0 bytes) @ 0x000002770f7e6321 [0x000002770f7e62e0+0x0000000000000041]
J 19459 c1 ui.views.waveform.executive.a.gEt()Ljava/io/ByteArrayInputStream; (93 bytes) @ 0x0000027708bb3e2c [0x0000027708bb3d40+0x00000000000000ec]
J 19458 c1 ui.views.waveform.b.a.gEf()V (142 bytes) @ 0x0000027708c52cb4 [0x0000027708c52ba0+0x0000000000000114]
J 19122 c1 ui.views.waveform.w.cRi()V (38 bytes) @ 0x0000027707cc866c [0x0000027707cc7f00+0x000000000000076c]
J 18492 c1 ui.views.waveform.c.b.j(Lui/frmwork/b/i;)V (603 bytes) @ 0x000002770987100c [0x0000027709865e00+0x000000000000b20c]
J 18491 c1 ui.views.waveform.w.a(Lui/frmwork/b/i;)V (17 bytes) @ 0x0000027708d66994 [0x0000027708d668c0+0x00000000000000d4]
J 14760 c1 ui.frmwork.b.l.d(Lui/frmwork/b/i;)V (61 bytes) @ 0x0000027707355e1c [0x00000277073555c0+0x000000000000085c]
J 14747 c1 ui.frmwork.HTclEventBroker.i(JZ)V (471 bytes) @ 0x00000277082f202c [0x00000277082ed840+0x00000000000047ec]
J 14750 c1 ui.frmwork.HTclEventBroker.fireTclEvent(J)I (113 bytes) @ 0x0000027707624bcc [0x00000277076243c0+0x000000000000080c]
v  ~StubRoutines::call_stub
j  ui.views.waveform.waveformi.WVExecutive_processModelEvent(JJ)V+0
j  ui.views.waveform.executive.a.eE(J)V+5
j  ui.views.waveform.c.b.eD(J)V+8
J 18492 c1 ui.views.waveform.c.b.j(Lui/frmwork/b/i;)V (603 bytes) @ 0x0000027709871d44 [0x0000027709865e00+0x000000000000bf44]
J 18491 c1 ui.views.waveform.w.a(Lui/frmwork/b/i;)V (17 bytes) @ 0x0000027708d66994 [0x0000027708d668c0+0x00000000000000d4]
J 14760 c1 ui.frmwork.b.l.d(Lui/frmwork/b/i;)V (61 bytes) @ 0x0000027707355e1c [0x00000277073555c0+0x000000000000085c]
J 14747 c1 ui.frmwork.HTclEventBroker.i(JZ)V (471 bytes) @ 0x00000277082f202c [0x00000277082ed840+0x00000000000047ec]
J 14750 c1 ui.frmwork.HTclEventBroker.fireTclEvent(J)I (113 bytes) @ 0x0000027707624bcc [0x00000277076243c0+0x000000000000080c]
v  ~StubRoutines::call_stub
j  ui.views.waveform.waveformi.WVExecutive_processModelEvent(JJ)V+0
j  ui.views.waveform.executive.a.eE(J)V+5
j  ui.views.waveform.c.b.eD(J)V+8
j  ui.views.waveform.c.e.actionPerformed(Ljava/awt/event/ActionEvent;)V+8
J 13124 c2 javax.swing.Timer.fireActionPerformed(Ljava/awt/event/ActionEvent;)V java.desktop@9.0.4 (46 bytes) @ 0x000002770f06a658 [0x000002770f06a540+0x0000000000000118]
J 13125 c2 javax.swing.Timer$DoPostEvent.run()V java.desktop@9.0.4 (82 bytes) @ 0x000002770f06adb8 [0x000002770f06aac0+0x00000000000002f8]
J 13014 c2 java.awt.EventQueue$3.run()Ljava/lang/Object; java.desktop@9.0.4 (5 bytes) @ 0x000002770f040fa4 [0x000002770f040ea0+0x0000000000000104]
v  ~StubRoutines::call_stub
J 3830  java.security.AccessController.doPrivileged(Ljava/security/PrivilegedAction;Ljava/security/AccessControlContext;)Ljava/lang/Object; java.base@9.0.4 (0 bytes) @ 0x000002770e7f52c6 [0x000002770e7f5260+0x0000000000000066]
J 13006 c2 ui.frmwork.b.d.dispatchEvent(Ljava/awt/AWTEvent;)V (34 bytes) @ 0x000002770f036234 [0x000002770f035e60+0x00000000000003d4]
J 18548 c2 java.awt.EventDispatchThread.pumpOneEventForFilters(I)V java.desktop@9.0.4 (218 bytes) @ 0x000002770f6a0abc [0x000002770f6a07a0+0x000000000000031c]
j  java.awt.EventDispatchThread.pumpEventsForFilter(ILjava/awt/Conditional;Ljava/awt/EventFilter;)V+35 java.desktop@9.0.4
j  java.awt.EventDispatchThread.pumpEventsForFilter(Ljava/awt/Conditional;Ljava/awt/EventFilter;)V+4 java.desktop@9.0.4
j  java.awt.WaitDispatchSupport$2.run()V+59 java.desktop@9.0.4
j  java.awt.WaitDispatchSupport$4.run()Ljava/lang/Void;+4 java.desktop@9.0.4
j  java.awt.WaitDispatchSupport$4.run()Ljava/lang/Object;+1 java.desktop@9.0.4
v  ~StubRoutines::call_stub
J 1028  java.security.AccessController.doPrivileged(Ljava/security/PrivilegedAction;)Ljava/lang/Object; java.base@9.0.4 (0 bytes) @ 0x000002770e666632 [0x000002770e6665e0+0x0000000000000052]
j  java.awt.WaitDispatchSupport.enter()Z+260 java.desktop@9.0.4
j  java.awt.Dialog.show()V+225 java.desktop@9.0.4
J 15072 c1 java.awt.Component.setVisible(Z)V java.desktop@9.0.4 (6 bytes) @ 0x0000027708206dcc [0x0000027708206be0+0x00000000000001ec]
j  java.awt.Window.setVisible(Z)V+2 java.desktop@9.0.4
j  java.awt.Dialog.setVisible(Z)V+2 java.desktop@9.0.4
j  ui.b.c.g.setVisible(Z)V+2
j  ui.b.c.by.showDialog()V+64
j  ui.b.c.bF.actionPerformed(Ljava/awt/event/ActionEvent;)V+8
j  ui.b.c.by.cJI()V+396
j  ui.views.c.t.b.a.run()V+60
j  ui.frmwork.a.dWF()Z+66
j  ui.frmwork.V.dYl()V+42
j  ui.bk.actionPerformed(Ljava/awt/event/ActionEvent;)V+25
j  javax.swing.AbstractButton.fireActionPerformed(Ljava/awt/event/ActionEvent;)V+84 java.desktop@9.0.4
j  ui.utils.o.b.B.fireActionPerformed(Ljava/awt/event/ActionEvent;)V+7
j  javax.swing.AbstractButton$Handler.actionPerformed(Ljava/awt/event/ActionEvent;)V+5 java.desktop@9.0.4
j  javax.swing.DefaultButtonModel.fireActionPerformed(Ljava/awt/event/ActionEvent;)V+34 java.desktop@9.0.4
j  javax.swing.DefaultButtonModel.setPressed(Z)V+117 java.desktop@9.0.4
j  javax.swing.plaf.basic.BasicButtonListener.mouseReleased(Ljava/awt/event/MouseEvent;)V+35 java.desktop@9.0.4
j  com.jidesoft.plaf.basic.BasicJideButtonListener.mouseReleased(Ljava/awt/event/MouseEvent;)V+61
j  java.awt.AWTEventMulticaster.mouseReleased(Ljava/awt/event/MouseEvent;)V+8 java.desktop@9.0.4
j  java.awt.AWTEventMulticaster.mouseReleased(Ljava/awt/event/MouseEvent;)V+8 java.desktop@9.0.4
j  java.awt.AWTEventMulticaster.mouseReleased(Ljava/awt/event/MouseEvent;)V+8 java.desktop@9.0.4
j  java.awt.AWTEventMulticaster.mouseReleased(Ljava/awt/event/MouseEvent;)V+8 java.desktop@9.0.4
J 17147 c1 java.awt.Component.processMouseEvent(Ljava/awt/event/MouseEvent;)V java.desktop@9.0.4 (100 bytes) @ 0x0000027707fcff34 [0x0000027707fcfba0+0x0000000000000394]
J 17148 c1 javax.swing.JComponent.processMouseEvent(Ljava/awt/event/MouseEvent;)V java.desktop@9.0.4 (27 bytes) @ 0x0000027707f4b16c [0x0000027707f4af60+0x000000000000020c]
J 13524 c2 java.awt.Container.processEvent(Ljava/awt/AWTEvent;)V java.desktop@9.0.4 (22 bytes) @ 0x000002770f0ff140 [0x000002770f0ff020+0x0000000000000120]
J 19440 c2 java.awt.Component.dispatchEventImpl(Ljava/awt/AWTEvent;)V java.desktop@9.0.4 (739 bytes) @ 0x000002770f7e06ac [0x000002770f7dfa80+0x0000000000000c2c]
J 17697 c2 java.awt.Container.dispatchEventImpl(Ljava/awt/AWTEvent;)V java.desktop@9.0.4 (129 bytes) @ 0x000002770e84f0b8 [0x000002770e84f060+0x0000000000000058]
J 18330 c2 java.awt.LightweightDispatcher.retargetMouseEvent(Ljava/awt/Component;ILjava/awt/event/MouseEvent;)V java.desktop@9.0.4 (350 bytes) @ 0x000002770f644974 [0x000002770f6443a0+0x00000000000005d4]
J 14580 c1 java.awt.LightweightDispatcher.processMouseEvent(Ljava/awt/event/MouseEvent;)Z java.desktop@9.0.4 (265 bytes) @ 0x0000027709343f34 [0x0000027709342fc0+0x0000000000000f74]
J 17697 c2 java.awt.Container.dispatchEventImpl(Ljava/awt/AWTEvent;)V java.desktop@9.0.4 (129 bytes) @ 0x000002770e84f4f8 [0x000002770e84f060+0x0000000000000498]
J 19767 c2 java.awt.Window.dispatchEventImpl(Ljava/awt/AWTEvent;)V java.desktop@9.0.4 (23 bytes) @ 0x000002770f86478c [0x000002770f864740+0x000000000000004c]
J 13014 c2 java.awt.EventQueue$3.run()Ljava/lang/Object; java.desktop@9.0.4 (5 bytes) @ 0x000002770f041054 [0x000002770f040ea0+0x00000000000001b4]
v  ~StubRoutines::call_stub
J 3830  java.security.AccessController.doPrivileged(Ljava/security/PrivilegedAction;Ljava/security/AccessControlContext;)Ljava/lang/Object; java.base@9.0.4 (0 bytes) @ 0x000002770e7f52c6 [0x000002770e7f5260+0x0000000000000066]
J 19026 c2 java.awt.EventQueue$4.run()Ljava/lang/Object; java.desktop@9.0.4 (5 bytes) @ 0x000002770e9b8140 [0x000002770e9b7ee0+0x0000000000000260]
v  ~StubRoutines::call_stub
J 3830  java.security.AccessController.doPrivileged(Ljava/security/PrivilegedAction;Ljava/security/AccessControlContext;)Ljava/lang/Object; java.base@9.0.4 (0 bytes) @ 0x000002770e7f52c6 [0x000002770e7f5260+0x0000000000000066]
J 13006 c2 ui.frmwork.b.d.dispatchEvent(Ljava/awt/AWTEvent;)V (34 bytes) @ 0x000002770f0364b4 [0x000002770f035e60+0x0000000000000654]
J 18548 c2 java.awt.EventDispatchThread.pumpOneEventForFilters(I)V java.desktop@9.0.4 (218 bytes) @ 0x000002770f6a0abc [0x000002770f6a07a0+0x000000000000031c]
j  java.awt.EventDispatchThread.pumpEventsForFilter(ILjava/awt/Conditional;Ljava/awt/EventFilter;)V+35 java.desktop@9.0.4
j  java.awt.EventDispatchThread.pumpEventsForHierarchy(ILjava/awt/Conditional;Ljava/awt/Component;)V+11 java.desktop@9.0.4
j  java.awt.EventDispatchThread.pumpEvents(ILjava/awt/Conditional;)V+4 java.desktop@9.0.4
j  java.awt.EventDispatchThread.pumpEvents(Ljava/awt/Conditional;)V+3 java.desktop@9.0.4
j  java.awt.EventDispatchThread.run()V+9 java.desktop@9.0.4
v  ~StubRoutines::call_stub

siginfo: EXCEPTION_ACCESS_VIOLATION (0xc0000005), data execution prevention violation at address 0x00007ffaaa163370


Register to memory mapping:

RIP=0x00007ffaaa163370 is an unknown value
RAX=0x00007ffaaa1085e0 is an unknown value
RBX=0x000000c2454f3d70 is pointing into the stack for thread: 0x000002771dcdc800
RCX=0x0000027726355660 is an unknown value
RDX=0x0000027721813590 is an unknown value
RSP=0x000000c2454f3c08 is pointing into the stack for thread: 0x000002771dcdc800
RBP=0x000000c2454f3d30 is pointing into the stack for thread: 0x000002771dcdc800
RSI=0x0000027721813590 is an unknown value
RDI=0x0000027726355660 is an unknown value
R8 =0x000000c2454f3d30 is pointing into the stack for thread: 0x000002771dcdc800
R9 =0x000000c2454f3d70 is pointing into the stack for thread: 0x000002771dcdc800
R10=0x00000277218135a0 is an unknown value
R11=0x00000277212d8170 is an unknown value
R12=0x0000000000000000 is an unknown value
R13=0x0000000000000000 is an unknown value
R14=0x0000027721813590 is an unknown value
R15=0x0000000000000001 is an unknown value


Registers:
RAX=0x00007ffaaa1085e0, RBX=0x000000c2454f3d70, RCX=0x0000027726355660, RDX=0x0000027721813590
RSP=0x000000c2454f3c08, RBP=0x000000c2454f3d30, RSI=0x0000027721813590, RDI=0x0000027726355660
R8 =0x000000c2454f3d30, R9 =0x000000c2454f3d70, R10=0x00000277218135a0, R11=0x00000277212d8170
R12=0x0000000000000000, R13=0x0000000000000000, R14=0x0000027721813590, R15=0x0000000000000001
RIP=0x00007ffaaa163370, EFLAGS=0x0000000000010206

Top of Stack: (sp=0x000000c2454f3c08)
0x000000c2454f3c08:   00007ffaa9e3eedc 0000000700000000
0x000000c2454f3c18:   0000027771851bc0 000002777fe94078
0x000000c2454f3c28:   0000027771850000 00000277718502a4
0x000000c2454f3c38:   000000c2454f3d70 000000c2454f3d30
0x000000c2454f3c48:   0000027721813590 fffffffffffffffe
0x000000c2454f3c58:   0000000000000000 0000000000000008
0x000000c2454f3c68:   0000000000000000 0000000000000000
0x000000c2454f3c78:   0000000000000001 0000000000000010
0x000000c2454f3c88:   000000c2454f3d49 0000027771970000
0x000000c2454f3c98:   00007ffb2537ba17 0000027771850000
0x000000c2454f3ca8:   0000000700000000 0000000000000008
0x000000c2454f3cb8:   000000c200000000 00008d6695242b74
0x000000c2454f3cc8:   00000000238a7e40 00000277212d8170
0x000000c2454f3cd8:   000000c2454f3e48 000002772248fe80
0x000000c2454f3ce8:   000000c2454f3d79 000000c2454f3e30
0x000000c2454f3cf8:   00007ffaa9e35fc7 000000000000004f 

Instructions: (pc=0x00007ffaaa163370)
0x00007ffaaa163350:   00 00 00 00 ff ff ff ff 00 00 00 00 40 00 00 00
0x00007ffaaa163360:   20 33 45 00 00 00 00 00 00 00 00 00 00 00 00 00
0x00007ffaaa163370:   01 00 00 00 00 00 00 00 00 00 00 00 10 8a 58 00
0x00007ffaaa163380:   98 33 45 00 70 33 45 00 00 00 00 00 00 00 00 00 



---------------  P R O C E S S  ---------------

Java Threads: ( => current thread )
  0x000002771fdcf000 JavaThread "Relaunch Simulation" [_thread_blocked, id=784, stack(0x000000c247b00000,0x000000c248000000)]
  0x000002771fdc8000 JavaThread "SyntheticaAnimation 50" daemon [_thread_blocked, id=11460, stack(0x000000c243c00000,0x000000c244100000)]
  0x000002771fdc6000 JavaThread "Update Runs Swing Worker" [_thread_blocked, id=13452, stack(0x000000c248a00000,0x000000c248f00000)]
  0x000002771fdcc000 JavaThread "hw_ila_monitor" [_thread_blocked, id=8412, stack(0x000000c246400000,0x000000c246900000)]
  0x000002771fdc7800 JavaThread "Refresh Filesets Swing Worker" [_thread_blocked, id=10836, stack(0x000000c245a00000,0x000000c245f00000)]
  0x000002771fdc6800 JavaThread "SyntheticaAnimation 70" daemon [_thread_blocked, id=6288, stack(0x000000c245500000,0x000000c245a00000)]
  0x000002771fdc5000 JavaThread "SyntheticaAnimation 25" daemon [_thread_blocked, id=9240, stack(0x000000c247600000,0x000000c247b00000)]
  0x000002771fdc4800 JavaThread "SyntheticaAnimation 50" daemon [_thread_blocked, id=832, stack(0x000000c247100000,0x000000c247600000)]
  0x000002771fdcb000 JavaThread "Monitor HEventQueue" [_thread_blocked, id=2256, stack(0x000000c246c00000,0x000000c247100000)]
  0x000002777959d800 JavaThread "SyntheticaCleanerThread" daemon [_thread_blocked, id=11288, stack(0x000000c245f00000,0x000000c246400000)]
  0x000002777959f000 JavaThread "Batik CleanerThread" daemon [_thread_blocked, id=6700, stack(0x000000c244100000,0x000000c244600000)]
=>0x000002771dcdc800 JavaThread "AWT-EventQueue-1" [_thread_in_native, id=6592, stack(0x000000c245000000,0x000000c245500000)]
  0x000002771dcdc000 JavaThread "AWT-Shutdown" [_thread_blocked, id=3492, stack(0x000000c244b00000,0x000000c245000000)]
  0x000002771dbcf800 JavaThread "Process Messages" [_thread_blocked, id=8292, stack(0x000000c244600000,0x000000c244b00000)]
  0x00000277795b7800 JavaThread "Thread-1" [_thread_in_native, id=3680, stack(0x000000c23e300000,0x000000c23f700000)]
  0x000002771dc26800 JavaThread "TimerQueue" daemon [_thread_blocked, id=10196, stack(0x000000c243200000,0x000000c243700000)]
  0x0000027779703800 JavaThread "AWT-Windows" daemon [_thread_in_native, id=5324, stack(0x000000c243700000,0x000000c243c00000)]
  0x00000277796ff000 JavaThread "Java2D Disposer" daemon [_thread_blocked, id=13704, stack(0x000000c242d00000,0x000000c243200000)]
  0x000002777c1a1800 JavaThread "Service Thread" daemon [_thread_blocked, id=8360, stack(0x000000c242700000,0x000000c242c00000)]
  0x000002777c1c2800 JavaThread "Common-Cleaner" daemon [_thread_blocked, id=10272, stack(0x000000c242200000,0x000000c242700000)]
  0x000002777c34f800 JavaThread "Sweeper thread" daemon [_thread_blocked, id=2716, stack(0x000000c241d00000,0x000000c242200000)]
  0x000002777cc5b000 JavaThread "C1 CompilerThread2" daemon [_thread_blocked, id=11740, stack(0x000000c241c00000,0x000000c241d00000)]
  0x000002777cc5a800 JavaThread "C2 CompilerThread1" daemon [_thread_blocked, id=4972, stack(0x000000c241b00000,0x000000c241c00000)]
  0x0000027776af7000 JavaThread "C2 CompilerThread0" daemon [_thread_blocked, id=124, stack(0x000000c241a00000,0x000000c241b00000)]
  0x0000027776af6800 JavaThread "Attach Listener" daemon [_thread_blocked, id=7308, stack(0x000000c241500000,0x000000c241a00000)]
  0x0000027776de5000 JavaThread "Signal Dispatcher" daemon [_thread_blocked, id=1528, stack(0x000000c241000000,0x000000c241500000)]
  0x000002777a4d8000 JavaThread "Finalizer" daemon [_thread_blocked, id=3508, stack(0x000000c240b00000,0x000000c241000000)]
  0x000002777cd7c000 JavaThread "Reference Handler" daemon [_thread_blocked, id=7124, stack(0x000000c240600000,0x000000c240b00000)]
  0x0000027773755800 JavaThread "main" [_thread_blocked, id=7964, stack(0x000000c23e200000,0x000000c23e300000)]

Other Threads:
  0x000002777cd7b800 VMThread "VM Thread" [stack: 0x000000c240500000,0x000000c240600000] [id=7476]
  0x000002777c229800 WatcherThread [stack: 0x000000c242c00000,0x000000c242d00000] [id=12724]
  0x0000027778a0c800 GCTaskThread "GC Thread#0" [stack: 0x000000c23fa00000,0x000000c23fb00000] [id=4496]
  0x0000027778a0a800 GCTaskThread "GC Thread#1" [stack: 0x000000c23fb00000,0x000000c23fc00000] [id=2956]
  0x0000027778a07800 GCTaskThread "GC Thread#2" [stack: 0x000000c23fc00000,0x000000c23fd00000] [id=14060]
  0x0000027778a0a000 GCTaskThread "GC Thread#3" [stack: 0x000000c23fd00000,0x000000c23fe00000] [id=13552]
  0x00000277769db800 ConcurrentGCThread "G1 Main Marker" [stack: 0x000000c240300000,0x000000c240400000] [id=13168]
  0x0000027778a0d000 ConcurrentGCThread "G1 Marker#0" [stack: 0x000000c240400000,0x000000c240500000] [id=3524]
  0x000002777cc12800 ConcurrentGCThread "G1 Refine#0" [stack: 0x000000c240100000,0x000000c240200000] [id=4288]
  0x000002777c90a800 ConcurrentGCThread "G1 Refine#1" [stack: 0x000000c240000000,0x000000c240100000] [id=10740]
  0x000002777c90e000 ConcurrentGCThread "G1 Refine#2" [stack: 0x000000c23ff00000,0x000000c240000000] [id=11456]
  0x000002777c346000 ConcurrentGCThread "G1 Refine#3" [stack: 0x000000c23fe00000,0x000000c23ff00000] [id=9332]
  0x000002777c8b4800 ConcurrentGCThread "G1 Young RemSet Sampling" [stack: 0x000000c240200000,0x000000c240300000] [id=12756]

Threads with active compile tasks:

VM state:not at safepoint (normal execution)

VM Mutex/Monitor currently owned by a thread: None

Heap address: 0x0000000700000000, size: 3072 MB, Compressed Oops mode: Zero based, Oop shift amount: 3
Narrow klass base: 0x0000000000000000, Narrow klass shift: 3
Compressed class space size: 1073741824 Address: 0x00000007c0000000

Heap:
 garbage-first heap   total 157696K, used 99801K [0x0000000700000000, 0x00000007001004d0, 0x00000007c0000000)
  region size 1024K, 33 young (33792K), 1 survivors (1024K)
 Metaspace       used 79585K, capacity 85603K, committed 85680K, reserved 1122304K
  class space    used 10849K, capacity 11914K, committed 11952K, reserved 1048576K
Heap Regions: E=young(eden), S=young(survivor), O=old, HS=humongous(starts), HC=humongous(continues), CS=collection set, F=free, A=archive, TS=gc time stamp, AC=allocation context, TAMS=top-at-mark-start (previous, next)
|   0|0x0000000700000000, 0x00000007000f2418, 0x0000000700100000| 94%| O|  |TS  0|AC  0|TAMS 0x0000000700000000, 0x0000000700000000|
|   1|0x0000000700100000, 0x0000000700200000, 0x0000000700200000|100%|HS|  |TS  0|AC  0|TAMS 0x0000000700100000, 0x0000000700100000|
|   2|0x0000000700200000, 0x0000000700300000, 0x0000000700300000|100%|HC|  |TS  0|AC  0|TAMS 0x0000000700200000, 0x0000000700200000|
|   3|0x0000000700300000, 0x0000000700400000, 0x0000000700400000|100%|HS|  |TS  0|AC  0|TAMS 0x0000000700300000, 0x0000000700300000|
|   4|0x0000000700400000, 0x00000007004f5670, 0x0000000700500000| 95%| O|  |TS  0|AC  0|TAMS 0x0000000700400000, 0x0000000700400000|
|   5|0x0000000700500000, 0x00000007005ffff8, 0x0000000700600000| 99%| O|  |TS  0|AC  0|TAMS 0x0000000700500000, 0x0000000700500000|
|   6|0x0000000700600000, 0x00000007006ffff0, 0x0000000700700000| 99%| O|  |TS  0|AC  0|TAMS 0x0000000700600000, 0x0000000700600000|
|   7|0x0000000700700000, 0x00000007007fcd28, 0x0000000700800000| 98%| O|  |TS  0|AC  0|TAMS 0x0000000700700000, 0x0000000700700000|
|   8|0x0000000700800000, 0x0000000700900000, 0x0000000700900000|100%|HS|  |TS  0|AC  0|TAMS 0x0000000700800000, 0x0000000700800000|
|   9|0x0000000700900000, 0x00000007009ffff0, 0x0000000700a00000| 99%| O|  |TS  0|AC  0|TAMS 0x0000000700900000, 0x0000000700900000|
|  10|0x0000000700a00000, 0x0000000700aff708, 0x0000000700b00000| 99%| O|  |TS  0|AC  0|TAMS 0x0000000700a00000, 0x0000000700a00000|
|  11|0x0000000700b00000, 0x0000000700bff220, 0x0000000700c00000| 99%| O|  |TS  0|AC  0|TAMS 0x0000000700b00000, 0x0000000700b00000|
|  12|0x0000000700c00000, 0x0000000700cfec58, 0x0000000700d00000| 99%| O|  |TS  0|AC  0|TAMS 0x0000000700c00000, 0x0000000700c00000|
|  13|0x0000000700d00000, 0x0000000700dfff60, 0x0000000700e00000| 99%| O|  |TS  0|AC  0|TAMS 0x0000000700d00000, 0x0000000700d00000|
|  14|0x0000000700e00000, 0x0000000700efffa0, 0x0000000700f00000| 99%| O|  |TS  0|AC  0|TAMS 0x0000000700e00000, 0x0000000700e00000|
|  15|0x0000000700f00000, 0x0000000700ffffd8, 0x0000000701000000| 99%| O|  |TS  0|AC  0|TAMS 0x0000000700f00000, 0x0000000700f00000|
|  16|0x0000000701000000, 0x00000007010fffc0, 0x0000000701100000| 99%| O|  |TS  0|AC  0|TAMS 0x0000000701000000, 0x0000000701000000|
|  17|0x0000000701100000, 0x0000000701200000, 0x0000000701200000|100%| O|  |TS  0|AC  0|TAMS 0x0000000701100000, 0x0000000701100000|
|  18|0x0000000701200000, 0x0000000701300000, 0x0000000701300000|100%| O|  |TS  0|AC  0|TAMS 0x0000000701200000, 0x0000000701200000|
|  19|0x0000000701300000, 0x0000000701400000, 0x0000000701400000|100%| O|  |TS  0|AC  0|TAMS 0x0000000701300000, 0x0000000701300000|
|  20|0x0000000701400000, 0x00000007014fffb0, 0x0000000701500000| 99%| O|  |TS  0|AC  0|TAMS 0x0000000701400000, 0x0000000701400000|
|  21|0x0000000701500000, 0x00000007015ffff8, 0x0000000701600000| 99%| O|  |TS  0|AC  0|TAMS 0x0000000701500000, 0x0000000701500000|
|  22|0x0000000701600000, 0x00000007016ffff8, 0x0000000701700000| 99%| O|  |TS  0|AC  0|TAMS 0x0000000701600000, 0x0000000701600000|
|  23|0x0000000701700000, 0x00000007017fffe8, 0x0000000701800000| 99%| O|  |TS  0|AC  0|TAMS 0x0000000701700000, 0x0000000701700000|
|  24|0x0000000701800000, 0x00000007018ffff8, 0x0000000701900000| 99%| O|  |TS  0|AC  0|TAMS 0x0000000701800000, 0x0000000701800000|
|  25|0x0000000701900000, 0x00000007019fffc0, 0x0000000701a00000| 99%| O|  |TS  0|AC  0|TAMS 0x0000000701900000, 0x0000000701900000|
|  26|0x0000000701a00000, 0x0000000701afffb0, 0x0000000701b00000| 99%| O|  |TS  0|AC  0|TAMS 0x0000000701a00000, 0x0000000701a00000|
|  27|0x0000000701b00000, 0x0000000701bfffd8, 0x0000000701c00000| 99%| O|  |TS  0|AC  0|TAMS 0x0000000701b00000, 0x0000000701b00000|
|  28|0x0000000701c00000, 0x0000000701cffff0, 0x0000000701d00000| 99%| O|  |TS  0|AC  0|TAMS 0x0000000701c00000, 0x0000000701c00000|
|  29|0x0000000701d00000, 0x0000000701dffff0, 0x0000000701e00000| 99%| O|  |TS  0|AC  0|TAMS 0x0000000701d00000, 0x0000000701d00000|
|  30|0x0000000701e00000, 0x0000000701efffd0, 0x0000000701f00000| 99%| O|  |TS  0|AC  0|TAMS 0x0000000701e00000, 0x0000000701e00000|
|  31|0x0000000701f00000, 0x0000000701fffff0, 0x0000000702000000| 99%| O|  |TS  0|AC  0|TAMS 0x0000000701f00000, 0x0000000701f00000|
|  32|0x0000000702000000, 0x00000007020ffff8, 0x0000000702100000| 99%| O|  |TS  0|AC  0|TAMS 0x0000000702000000, 0x0000000702000000|
|  33|0x0000000702100000, 0x00000007021ffff8, 0x0000000702200000| 99%| O|  |TS  0|AC  0|TAMS 0x0000000702100000, 0x0000000702100000|
|  34|0x0000000702200000, 0x0000000702300000, 0x0000000702300000|100%| O|  |TS  0|AC  0|TAMS 0x0000000702200000, 0x0000000702200000|
|  35|0x0000000702300000, 0x00000007023ffff8, 0x0000000702400000| 99%| O|  |TS  0|AC  0|TAMS 0x0000000702300000, 0x0000000702300000|
|  36|0x0000000702400000, 0x00000007024ba718, 0x0000000702500000| 72%| O|  |TS  0|AC  0|TAMS 0x0000000702400000, 0x0000000702400000|
|  37|0x0000000702500000, 0x00000007025c92a8, 0x0000000702600000| 78%| O|  |TS  0|AC  0|TAMS 0x0000000702500000, 0x0000000702500000|
|  38|0x0000000702600000, 0x00000007026fa098, 0x0000000702700000| 97%| O|  |TS  0|AC  0|TAMS 0x0000000702600000, 0x0000000702600000|
|  39|0x0000000702700000, 0x0000000702800000, 0x0000000702800000|100%| O|  |TS  0|AC  0|TAMS 0x0000000702700000, 0x0000000702700000|
|  40|0x0000000702800000, 0x00000007028fffe8, 0x0000000702900000| 99%| O|  |TS  0|AC  0|TAMS 0x0000000702800000, 0x0000000702800000|
|  41|0x0000000702900000, 0x00000007029ffff8, 0x0000000702a00000| 99%| O|  |TS  0|AC  0|TAMS 0x0000000702900000, 0x0000000702900000|
|  42|0x0000000702a00000, 0x0000000702affff8, 0x0000000702b00000| 99%| O|  |TS  0|AC  0|TAMS 0x0000000702a00000, 0x0000000702a00000|
|  43|0x0000000702b00000, 0x0000000702bff8b0, 0x0000000702c00000| 99%| O|  |TS  0|AC  0|TAMS 0x0000000702b00000, 0x0000000702b00000|
|  44|0x0000000702c00000, 0x0000000702cfff20, 0x0000000702d00000| 99%| O|  |TS  0|AC  0|TAMS 0x0000000702c00000, 0x0000000702c00000|
|  45|0x0000000702d00000, 0x0000000702dffff0, 0x0000000702e00000| 99%| O|  |TS  0|AC  0|TAMS 0x0000000702d00000, 0x0000000702d00000|
|  46|0x0000000702e00000, 0x0000000702efe808, 0x0000000702f00000| 99%| O|  |TS  0|AC  0|TAMS 0x0000000702e00000, 0x0000000702e00000|
|  47|0x0000000702f00000, 0x0000000702ffffe8, 0x0000000703000000| 99%| O|  |TS  0|AC  0|TAMS 0x0000000702f00000, 0x0000000702f00000|
|  48|0x0000000703000000, 0x0000000703100000, 0x0000000703100000|100%|HS|  |TS  0|AC  0|TAMS 0x0000000703000000, 0x0000000703000000|
|  49|0x0000000703100000, 0x0000000703200000, 0x0000000703200000|100%|HC|  |TS  0|AC  0|TAMS 0x0000000703100000, 0x0000000703100000|
|  50|0x0000000703200000, 0x0000000703300000, 0x0000000703300000|100%|HC|  |TS  0|AC  0|TAMS 0x0000000703200000, 0x0000000703200000|
|  51|0x0000000703300000, 0x0000000703400000, 0x0000000703400000|100%|HC|  |TS  0|AC  0|TAMS 0x0000000703300000, 0x0000000703300000|
|  52|0x0000000703400000, 0x0000000703500000, 0x0000000703500000|100%|HC|  |TS  0|AC  0|TAMS 0x0000000703400000, 0x0000000703400000|
|  53|0x0000000703500000, 0x0000000703600000, 0x0000000703600000|100%|HC|  |TS  0|AC  0|TAMS 0x0000000703500000, 0x0000000703500000|
|  54|0x0000000703600000, 0x0000000703700000, 0x0000000703700000|100%|HC|  |TS  0|AC  0|TAMS 0x0000000703600000, 0x0000000703600000|
|  55|0x0000000703700000, 0x0000000703800000, 0x0000000703800000|100%|HC|  |TS  0|AC  0|TAMS 0x0000000703700000, 0x0000000703700000|
|  56|0x0000000703800000, 0x00000007038fffc8, 0x0000000703900000| 99%| O|  |TS  0|AC  0|TAMS 0x0000000703800000, 0x0000000703800000|
|  57|0x0000000703900000, 0x00000007039fffd8, 0x0000000703a00000| 99%| O|  |TS  0|AC  0|TAMS 0x0000000703900000, 0x0000000703900000|
|  58|0x0000000703a00000, 0x0000000703affd70, 0x0000000703b00000| 99%| O|  |TS  0|AC  0|TAMS 0x0000000703a00000, 0x0000000703a00000|
|  59|0x0000000703b00000, 0x0000000703c00000, 0x0000000703c00000|100%| O|  |TS  0|AC  0|TAMS 0x0000000703b00000, 0x0000000703b00000|
|  60|0x0000000703c00000, 0x0000000703c2e928, 0x0000000703d00000| 18%| O|  |TS  0|AC  0|TAMS 0x0000000703c00000, 0x0000000703c00000|
|  61|0x0000000703d00000, 0x0000000703d00000, 0x0000000703e00000|  0%| F|  |TS  0|AC  0|TAMS 0x0000000703d00000, 0x0000000703d00000|
|  62|0x0000000703e00000, 0x0000000703f00000, 0x0000000703f00000|100%|HS|  |TS  0|AC  0|TAMS 0x0000000703e00000, 0x0000000703e00000|
|  63|0x0000000703f00000, 0x0000000704000000, 0x0000000704000000|100%|HC|  |TS  0|AC  0|TAMS 0x0000000703f00000, 0x0000000703f00000|
|  64|0x0000000704000000, 0x0000000704100000, 0x0000000704100000|100%|HS|  |TS  0|AC  0|TAMS 0x0000000704000000, 0x0000000704000000|
|  65|0x0000000704100000, 0x0000000704200000, 0x0000000704200000|100%|HC|  |TS  0|AC  0|TAMS 0x0000000704100000, 0x0000000704100000|
|  66|0x0000000704200000, 0x0000000704300000, 0x0000000704300000|100%|HS|  |TS  0|AC  0|TAMS 0x0000000704200000, 0x0000000704200000|
|  67|0x0000000704300000, 0x0000000704400000, 0x0000000704400000|100%|HC|  |TS  0|AC  0|TAMS 0x0000000704300000, 0x0000000704300000|
|  68|0x0000000704400000, 0x0000000704400000, 0x0000000704500000|  0%| F|  |TS  0|AC  0|TAMS 0x0000000704400000, 0x0000000704400000|
|  69|0x0000000704500000, 0x0000000704500000, 0x0000000704600000|  0%| F|  |TS  0|AC  0|TAMS 0x0000000704500000, 0x0000000704500000|
|  70|0x0000000704600000, 0x0000000704600000, 0x0000000704700000|  0%| F|  |TS  0|AC  0|TAMS 0x0000000704600000, 0x0000000704600000|
|  71|0x0000000704700000, 0x0000000704700000, 0x0000000704800000|  0%| F|  |TS  0|AC  0|TAMS 0x0000000704700000, 0x0000000704700000|
|  72|0x0000000704800000, 0x0000000704800000, 0x0000000704900000|  0%| F|  |TS  0|AC  0|TAMS 0x0000000704800000, 0x0000000704800000|
|  73|0x0000000704900000, 0x0000000704900000, 0x0000000704a00000|  0%| F|  |TS  0|AC  0|TAMS 0x0000000704900000, 0x0000000704900000|
|  74|0x0000000704a00000, 0x0000000704a00000, 0x0000000704b00000|  0%| F|  |TS  0|AC  0|TAMS 0x0000000704a00000, 0x0000000704a00000|
|  75|0x0000000704b00000, 0x0000000704b00000, 0x0000000704c00000|  0%| F|  |TS  0|AC  0|TAMS 0x0000000704b00000, 0x0000000704b00000|
|  76|0x0000000704c00000, 0x0000000704c00000, 0x0000000704d00000|  0%| F|  |TS  0|AC  0|TAMS 0x0000000704c00000, 0x0000000704c00000|
|  77|0x0000000704d00000, 0x0000000704d00000, 0x0000000704e00000|  0%| F|  |TS  0|AC  0|TAMS 0x0000000704d00000, 0x0000000704d00000|
|  78|0x0000000704e00000, 0x0000000704e00000, 0x0000000704f00000|  0%| F|  |TS  0|AC  0|TAMS 0x0000000704e00000, 0x0000000704e00000|
|  79|0x0000000704f00000, 0x0000000704f00000, 0x0000000705000000|  0%| F|  |TS  0|AC  0|TAMS 0x0000000704f00000, 0x0000000704f00000|
|  80|0x0000000705000000, 0x0000000705000000, 0x0000000705100000|  0%| F|  |TS  0|AC  0|TAMS 0x0000000705000000, 0x0000000705000000|
|  81|0x0000000705100000, 0x0000000705100000, 0x0000000705200000|  0%| F|  |TS  0|AC  0|TAMS 0x0000000705100000, 0x0000000705100000|
|  82|0x0000000705200000, 0x0000000705200000, 0x0000000705300000|  0%| F|  |TS  0|AC  0|TAMS 0x0000000705200000, 0x0000000705200000|
|  83|0x0000000705300000, 0x0000000705300000, 0x0000000705400000|  0%| F|  |TS  0|AC  0|TAMS 0x0000000705300000, 0x0000000705300000|
|  84|0x0000000705400000, 0x0000000705400000, 0x0000000705500000|  0%| F|  |TS  0|AC  0|TAMS 0x0000000705400000, 0x0000000705400000|
|  85|0x0000000705500000, 0x0000000705500000, 0x0000000705600000|  0%| F|  |TS  0|AC  0|TAMS 0x0000000705500000, 0x0000000705500000|
|  86|0x0000000705600000, 0x0000000705600000, 0x0000000705700000|  0%| F|  |TS  0|AC  0|TAMS 0x0000000705600000, 0x0000000705600000|
|  87|0x0000000705700000, 0x0000000705700000, 0x0000000705800000|  0%| F|  |TS  0|AC  0|TAMS 0x0000000705700000, 0x0000000705700000|
|  88|0x0000000705800000, 0x0000000705800000, 0x0000000705900000|  0%| F|  |TS  0|AC  0|TAMS 0x0000000705800000, 0x0000000705800000|
|  89|0x0000000705900000, 0x0000000705900000, 0x0000000705a00000|  0%| F|  |TS  0|AC  0|TAMS 0x0000000705900000, 0x0000000705900000|
|  90|0x0000000705a00000, 0x0000000705a00000, 0x0000000705b00000|  0%| F|  |TS  0|AC  0|TAMS 0x0000000705a00000, 0x0000000705a00000|
|  91|0x0000000705b00000, 0x0000000705b00000, 0x0000000705c00000|  0%| F|  |TS  0|AC  0|TAMS 0x0000000705b00000, 0x0000000705b00000|
|  92|0x0000000705c00000, 0x0000000705c00000, 0x0000000705d00000|  0%| F|  |TS  0|AC  0|TAMS 0x0000000705c00000, 0x0000000705c00000|
|  93|0x0000000705d00000, 0x0000000705d00000, 0x0000000705e00000|  0%| F|  |TS  9|AC  0|TAMS 0x0000000705d00000, 0x0000000705d00000|
|  94|0x0000000705e00000, 0x0000000705eeab60, 0x0000000705f00000| 91%| S|CS|TS  9|AC  0|TAMS 0x0000000705e00000, 0x0000000705e00000|
|  95|0x0000000705f00000, 0x0000000705f00000, 0x0000000706000000|  0%| F|  |TS  9|AC  0|TAMS 0x0000000705f00000, 0x0000000705f00000|
|  96|0x0000000706000000, 0x0000000706000000, 0x0000000706100000|  0%| F|  |TS  9|AC  0|TAMS 0x0000000706000000, 0x0000000706000000|
|  97|0x0000000706100000, 0x0000000706100000, 0x0000000706200000|  0%| F|  |TS  9|AC  0|TAMS 0x0000000706100000, 0x0000000706100000|
|  98|0x0000000706200000, 0x0000000706200000, 0x0000000706300000|  0%| F|  |TS  9|AC  0|TAMS 0x0000000706200000, 0x0000000706200000|
|  99|0x0000000706300000, 0x0000000706300000, 0x0000000706400000|  0%| F|  |TS  9|AC  0|TAMS 0x0000000706300000, 0x0000000706300000|
| 100|0x0000000706400000, 0x0000000706400000, 0x0000000706500000|  0%| F|  |TS  9|AC  0|TAMS 0x0000000706400000, 0x0000000706400000|
| 101|0x0000000706500000, 0x0000000706500000, 0x0000000706600000|  0%| F|  |TS  9|AC  0|TAMS 0x0000000706500000, 0x0000000706500000|
| 102|0x0000000706600000, 0x0000000706600000, 0x0000000706700000|  0%| F|  |TS  9|AC  0|TAMS 0x0000000706600000, 0x0000000706600000|
| 103|0x0000000706700000, 0x0000000706700000, 0x0000000706800000|  0%| F|  |TS  9|AC  0|TAMS 0x0000000706700000, 0x0000000706700000|
| 104|0x0000000706800000, 0x0000000706800000, 0x0000000706900000|  0%| F|  |TS  9|AC  0|TAMS 0x0000000706800000, 0x0000000706800000|
| 105|0x0000000706900000, 0x0000000706900000, 0x0000000706a00000|  0%| F|  |TS  9|AC  0|TAMS 0x0000000706900000, 0x0000000706900000|
| 106|0x0000000706a00000, 0x0000000706a00000, 0x0000000706b00000|  0%| F|  |TS  9|AC  0|TAMS 0x0000000706a00000, 0x0000000706a00000|
| 107|0x0000000706b00000, 0x0000000706b00000, 0x0000000706c00000|  0%| F|  |TS  9|AC  0|TAMS 0x0000000706b00000, 0x0000000706b00000|
| 108|0x0000000706c00000, 0x0000000706c00000, 0x0000000706d00000|  0%| F|  |TS  9|AC  0|TAMS 0x0000000706c00000, 0x0000000706c00000|
| 109|0x0000000706d00000, 0x0000000706d00000, 0x0000000706e00000|  0%| F|  |TS  9|AC  0|TAMS 0x0000000706d00000, 0x0000000706d00000|
| 110|0x0000000706e00000, 0x0000000706e00000, 0x0000000706f00000|  0%| F|  |TS  9|AC  0|TAMS 0x0000000706e00000, 0x0000000706e00000|
| 111|0x0000000706f00000, 0x0000000706f00000, 0x0000000707000000|  0%| F|  |TS  9|AC  0|TAMS 0x0000000706f00000, 0x0000000706f00000|
| 112|0x0000000707000000, 0x0000000707000000, 0x0000000707100000|  0%| F|  |TS  9|AC  0|TAMS 0x0000000707000000, 0x0000000707000000|
| 113|0x0000000707100000, 0x0000000707100000, 0x0000000707200000|  0%| F|  |TS  9|AC  0|TAMS 0x0000000707100000, 0x0000000707100000|
| 114|0x0000000707200000, 0x0000000707200000, 0x0000000707300000|  0%| F|  |TS  9|AC  0|TAMS 0x0000000707200000, 0x0000000707200000|
| 115|0x0000000707300000, 0x0000000707300000, 0x0000000707400000|  0%| F|  |TS  9|AC  0|TAMS 0x0000000707300000, 0x0000000707300000|
| 116|0x0000000707400000, 0x0000000707400000, 0x0000000707500000|  0%| F|  |TS  9|AC  0|TAMS 0x0000000707400000, 0x0000000707400000|
| 117|0x0000000707500000, 0x0000000707500000, 0x0000000707600000|  0%| F|  |TS  9|AC  0|TAMS 0x0000000707500000, 0x0000000707500000|
| 118|0x0000000707600000, 0x0000000707600000, 0x0000000707700000|  0%| F|  |TS  9|AC  0|TAMS 0x0000000707600000, 0x0000000707600000|
| 119|0x0000000707700000, 0x0000000707700000, 0x0000000707800000|  0%| F|  |TS  9|AC  0|TAMS 0x0000000707700000, 0x0000000707700000|
| 120|0x0000000707800000, 0x0000000707800000, 0x0000000707900000|  0%| F|  |TS  9|AC  0|TAMS 0x0000000707800000, 0x0000000707800000|
| 121|0x0000000707900000, 0x0000000707900000, 0x0000000707a00000|  0%| F|  |TS  9|AC  0|TAMS 0x0000000707900000, 0x0000000707900000|
| 122|0x0000000707a00000, 0x0000000707a06e00, 0x0000000707b00000|  2%| E|  |TS  9|AC  0|TAMS 0x0000000707a00000, 0x0000000707a00000|
| 123|0x0000000707b00000, 0x0000000707c00000, 0x0000000707c00000|100%| E|CS|TS  9|AC  0|TAMS 0x0000000707b00000, 0x0000000707b00000|
| 124|0x0000000707c00000, 0x0000000707d00000, 0x0000000707d00000|100%| E|CS|TS  9|AC  0|TAMS 0x0000000707c00000, 0x0000000707c00000|
| 125|0x0000000707d00000, 0x0000000707e00000, 0x0000000707e00000|100%| E|CS|TS  9|AC  0|TAMS 0x0000000707d00000, 0x0000000707d00000|
| 126|0x0000000707e00000, 0x0000000707f00000, 0x0000000707f00000|100%| E|CS|TS  9|AC  0|TAMS 0x0000000707e00000, 0x0000000707e00000|
| 127|0x0000000707f00000, 0x0000000708000000, 0x0000000708000000|100%| E|CS|TS  9|AC  0|TAMS 0x0000000707f00000, 0x0000000707f00000|
| 128|0x0000000708000000, 0x0000000708100000, 0x0000000708100000|100%| E|CS|TS  9|AC  0|TAMS 0x0000000708000000, 0x0000000708000000|
| 129|0x0000000708100000, 0x0000000708200000, 0x0000000708200000|100%| E|CS|TS  9|AC  0|TAMS 0x0000000708100000, 0x0000000708100000|
| 130|0x0000000708200000, 0x0000000708300000, 0x0000000708300000|100%| E|CS|TS  9|AC  0|TAMS 0x0000000708200000, 0x0000000708200000|
| 131|0x0000000708300000, 0x0000000708400000, 0x0000000708400000|100%| E|CS|TS  9|AC  0|TAMS 0x0000000708300000, 0x0000000708300000|
| 132|0x0000000708400000, 0x0000000708500000, 0x0000000708500000|100%| E|CS|TS  9|AC  0|TAMS 0x0000000708400000, 0x0000000708400000|
| 133|0x0000000708500000, 0x0000000708600000, 0x0000000708600000|100%| E|CS|TS  9|AC  0|TAMS 0x0000000708500000, 0x0000000708500000|
| 134|0x0000000708600000, 0x0000000708700000, 0x0000000708700000|100%| E|CS|TS  9|AC  0|TAMS 0x0000000708600000, 0x0000000708600000|
| 135|0x0000000708700000, 0x0000000708800000, 0x0000000708800000|100%| E|CS|TS  9|AC  0|TAMS 0x0000000708700000, 0x0000000708700000|
| 136|0x0000000708800000, 0x0000000708900000, 0x0000000708900000|100%| E|CS|TS  9|AC  0|TAMS 0x0000000708800000, 0x0000000708800000|
| 137|0x0000000708900000, 0x0000000708a00000, 0x0000000708a00000|100%| E|CS|TS  9|AC  0|TAMS 0x0000000708900000, 0x0000000708900000|
| 138|0x0000000708a00000, 0x0000000708b00000, 0x0000000708b00000|100%| E|CS|TS  9|AC  0|TAMS 0x0000000708a00000, 0x0000000708a00000|
| 139|0x0000000708b00000, 0x0000000708c00000, 0x0000000708c00000|100%| E|CS|TS  9|AC  0|TAMS 0x0000000708b00000, 0x0000000708b00000|
| 140|0x0000000708c00000, 0x0000000708d00000, 0x0000000708d00000|100%| E|CS|TS  9|AC  0|TAMS 0x0000000708c00000, 0x0000000708c00000|
| 141|0x0000000708d00000, 0x0000000708e00000, 0x0000000708e00000|100%| E|CS|TS  9|AC  0|TAMS 0x0000000708d00000, 0x0000000708d00000|
| 142|0x0000000708e00000, 0x0000000708f00000, 0x0000000708f00000|100%| E|CS|TS  9|AC  0|TAMS 0x0000000708e00000, 0x0000000708e00000|
| 143|0x0000000708f00000, 0x0000000709000000, 0x0000000709000000|100%| E|CS|TS  9|AC  0|TAMS 0x0000000708f00000, 0x0000000708f00000|
| 144|0x0000000709000000, 0x0000000709100000, 0x0000000709100000|100%| E|CS|TS  9|AC  0|TAMS 0x0000000709000000, 0x0000000709000000|
| 145|0x0000000709100000, 0x0000000709200000, 0x0000000709200000|100%| E|CS|TS  9|AC  0|TAMS 0x0000000709100000, 0x0000000709100000|
| 146|0x0000000709200000, 0x0000000709300000, 0x0000000709300000|100%| E|CS|TS  9|AC  0|TAMS 0x0000000709200000, 0x0000000709200000|
| 147|0x0000000709300000, 0x0000000709400000, 0x0000000709400000|100%| E|CS|TS  9|AC  0|TAMS 0x0000000709300000, 0x0000000709300000|
| 148|0x0000000709400000, 0x0000000709500000, 0x0000000709500000|100%| E|CS|TS  9|AC  0|TAMS 0x0000000709400000, 0x0000000709400000|
| 149|0x0000000709500000, 0x0000000709600000, 0x0000000709600000|100%| E|CS|TS  9|AC  0|TAMS 0x0000000709500000, 0x0000000709500000|
| 150|0x0000000709600000, 0x0000000709700000, 0x0000000709700000|100%| E|CS|TS  9|AC  0|TAMS 0x0000000709600000, 0x0000000709600000|
| 151|0x0000000709700000, 0x0000000709800000, 0x0000000709800000|100%| E|CS|TS  9|AC  0|TAMS 0x0000000709700000, 0x0000000709700000|
| 152|0x0000000709800000, 0x0000000709900000, 0x0000000709900000|100%| E|CS|TS  9|AC  0|TAMS 0x0000000709800000, 0x0000000709800000|
| 153|0x0000000709900000, 0x0000000709a00000, 0x0000000709a00000|100%| E|CS|TS  9|AC  0|TAMS 0x0000000709900000, 0x0000000709900000|

Card table byte_map: [0x000002777dee0000,0x000002777e4e0000] byte_map_base: 0x000002777a6e0000

Marking Bits (Prev, Next): (CMBitMap*) 0x00000277769dacc8, (CMBitMap*) 0x00000277769dac90
 Prev Bits: [0x0000027718b40000, 0x000002771bb40000)
 Next Bits: [0x0000027715b40000, 0x0000027718b40000)

Polling page: 0x0000027771930000

CodeHeap 'non-profiled nmethods': size=120064Kb used=18837Kb max_used=18837Kb free=101227Kb
 bounds [0x000002770e600000, 0x000002770f870000, 0x0000027715b40000]
CodeHeap 'profiled nmethods': size=120000Kb used=42701Kb max_used=42701Kb free=77298Kb
 bounds [0x00000277070d0000, 0x0000027709ac0000, 0x000002770e600000]
CodeHeap 'non-nmethods': size=5696Kb used=1764Kb max_used=1831Kb free=3931Kb
 bounds [0x0000027706b40000, 0x0000027706db0000, 0x00000277070d0000]
 total_blobs=28343 nmethods=16401 adapters=1089
 compilation: enabled

Compilation events (10 events):
Event: 1767.999 Thread 0x000002777cc5b000 19779       3       javax.swing.plaf.synth.SynthProgressBarUI::paintBorder (24 bytes)
Event: 1767.999 Thread 0x000002777cc5b000 nmethod 19779 0x0000027709ab3b10 code [0x0000027709ab3d00, 0x0000027709ab4160]
Event: 1767.999 Thread 0x000002777cc5b000 19780       3       javax.swing.plaf.synth.SynthPainter::paintProgressBarBorder (14 bytes)
Event: 1767.999 Thread 0x000002777cc5b000 nmethod 19780 0x0000027709163f10 code [0x00000277091640c0, 0x00000277091642d0]
Event: 1767.999 Thread 0x000002777cc5b000 19781       3       de.javasoft.plaf.synthetica.painter.SyntheticaPainter::paintProgressBarBorder (81 bytes)
Event: 1767.999 Thread 0x000002777cc5b000 nmethod 19781 0x0000027709ab4310 code [0x0000027709ab4560, 0x0000027709ab5230]
Event: 1767.999 Thread 0x000002777cc5b000 19782       3       de.javasoft.plaf.synthetica.painter.ProgressBarPainter::paintProgressBarBorder (1 bytes)
Event: 1767.999 Thread 0x000002777cc5b000 nmethod 19782 0x0000027708975c10 code [0x0000027708975dc0, 0x0000027708975f18]
Event: 1768.462 Thread 0x000002777cc5b000 19783       3       com.jidesoft.editor.CodeEditor::updateScrollBars (348 bytes)
Event: 1768.464 Thread 0x000002777cc5b000 nmethod 19783 0x0000027709ab5510 code [0x0000027709ab5980, 0x0000027709ab8dd0]

GC Heap History (10 events):
Event: 1759.448 GC heap before
{Heap before GC invocations=168 (full 81):
 garbage-first heap   total 157696K, used 112174K [0x0000000700000000, 0x00000007001004d0, 0x00000007c0000000)
  region size 1024K, 47 young (48128K), 0 survivors (0K)
 Metaspace       used 79340K, capacity 85329K, committed 85424K, reserved 1122304K
  class space    used 10837K, capacity 11911K, committed 11952K, reserved 1048576K
}
Event: 1759.451 GC heap after
{Heap after GC invocations=169 (full 81):
 garbage-first heap   total 157696K, used 65474K [0x0000000700000000, 0x00000007001004d0, 0x00000007c0000000)
  region size 1024K, 1 young (1024K), 1 survivors (1024K)
 Metaspace       used 79340K, capacity 85329K, committed 85424K, reserved 1122304K
  class space    used 10837K, capacity 11911K, committed 11952K, reserved 1048576K
}
Event: 1761.160 GC heap before
{Heap before GC invocations=169 (full 81):
 garbage-first heap   total 157696K, used 127938K [0x0000000700000000, 0x00000007001004d0, 0x00000007c0000000)
  region size 1024K, 60 young (61440K), 1 survivors (1024K)
 Metaspace       used 79366K, capacity 85393K, committed 85680K, reserved 1122304K
  class space    used 10837K, capacity 11911K, committed 11952K, reserved 1048576K
}
Event: 1761.163 GC heap after
{Heap after GC invocations=170 (full 81):
 garbage-first heap   total 157696K, used 67753K [0x0000000700000000, 0x00000007001004d0, 0x00000007c0000000)
  region size 1024K, 1 young (1024K), 1 survivors (1024K)
 Metaspace       used 79366K, capacity 85393K, committed 85680K, reserved 1122304K
  class space    used 10837K, capacity 11911K, committed 11952K, reserved 1048576K
}
Event: 1762.466 GC heap before
{Heap before GC invocations=170 (full 81):
 garbage-first heap   total 157696K, used 128169K [0x0000000700000000, 0x00000007001004d0, 0x00000007c0000000)
  region size 1024K, 60 young (61440K), 1 survivors (1024K)
 Metaspace       used 79445K, capacity 85475K, committed 85680K, reserved 1122304K
  class space    used 10849K, capacity 11914K, committed 11952K, reserved 1048576K
}
Event: 1762.469 GC heap after
{Heap after GC invocations=171 (full 81):
 garbage-first heap   total 157696K, used 67863K [0x0000000700000000, 0x00000007001004d0, 0x00000007c0000000)
  region size 1024K, 1 young (1024K), 1 survivors (1024K)
 Metaspace       used 79445K, capacity 85475K, committed 85680K, reserved 1122304K
  class space    used 10849K, capacity 11914K, committed 11952K, reserved 1048576K
}
Event: 1763.835 GC heap before
{Heap before GC invocations=171 (full 81):
 garbage-first heap   total 157696K, used 128279K [0x0000000700000000, 0x00000007001004d0, 0x00000007c0000000)
  region size 1024K, 60 young (61440K), 1 survivors (1024K)
 Metaspace       used 79454K, capacity 85475K, committed 85680K, reserved 1122304K
  class space    used 10849K, capacity 11914K, committed 11952K, reserved 1048576K
}
Event: 1763.838 GC heap after
{Heap after GC invocations=172 (full 81):
 garbage-first heap   total 157696K, used 67838K [0x0000000700000000, 0x00000007001004d0, 0x00000007c0000000)
  region size 1024K, 1 young (1024K), 1 survivors (1024K)
 Metaspace       used 79454K, capacity 85475K, committed 85680K, reserved 1122304K
  class space    used 10849K, capacity 11914K, committed 11952K, reserved 1048576K
}
Event: 1767.010 GC heap before
{Heap before GC invocations=172 (full 81):
 garbage-first heap   total 157696K, used 128254K [0x0000000700000000, 0x00000007001004d0, 0x00000007c0000000)
  region size 1024K, 60 young (61440K), 1 survivors (1024K)
 Metaspace       used 79559K, capacity 85539K, committed 85680K, reserved 1122304K
  class space    used 10849K, capacity 11914K, committed 11952K, reserved 1048576K
}
Event: 1767.013 GC heap after
{Heap after GC invocations=173 (full 81):
 garbage-first heap   total 157696K, used 68057K [0x0000000700000000, 0x00000007001004d0, 0x00000007c0000000)
  region size 1024K, 1 young (1024K), 1 survivors (1024K)
 Metaspace       used 79559K, capacity 85539K, committed 85680K, reserved 1122304K
  class space    used 10849K, capacity 11914K, committed 11952K, reserved 1048576K
}

Deoptimization events (10 events):
Event: 1762.277 Thread 0x000002771dcdc800 Uncommon trap: reason=unstable_if action=reinterpret pc=0x000002770f07b01c method=java.awt.Component.mixOnHiding(Z)V @ 36 c2
Event: 1762.277 Thread 0x000002771dcdc800 Uncommon trap: reason=unstable_if action=reinterpret pc=0x000002770edf2f20 method=java.awt.Component.getHWPeerAboveMe()Ljava/awt/peer/ComponentPeer; @ 50 c2
Event: 1762.347 Thread 0x000002771dcdc800 Uncommon trap: reason=bimorphic_or_optimized_type_check action=maybe_recompile pc=0x000002770f6e2094 method=javax.swing.JComponent.getObscuredState(IIIII)I @ 28 c2
Event: 1762.430 Thread 0x000002771dcdc800 Uncommon trap: reason=bimorphic_or_optimized_type_check action=maybe_recompile pc=0x000002770f6e2094 method=javax.swing.JComponent.getObscuredState(IIIII)I @ 28 c2
Event: 1762.511 Thread 0x000002771dcdc800 Uncommon trap: reason=bimorphic_or_optimized_type_check action=maybe_recompile pc=0x000002770f6e2094 method=javax.swing.JComponent.getObscuredState(IIIII)I @ 28 c2
Event: 1762.858 Thread 0x000002771dcdc800 Uncommon trap: reason=class_check action=maybe_recompile pc=0x000002770e8544e4 method=java.awt.Container.getMouseEventTargetImpl(IIZLjava/awt/Container$EventTargetFilter;ZZ)Ljava/awt/Component; @ 64 c2
Event: 1762.866 Thread 0x000002771dcdc800 Uncommon trap: reason=class_check action=maybe_recompile pc=0x000002770e8544e4 method=java.awt.Container.getMouseEventTargetImpl(IIZLjava/awt/Container$EventTargetFilter;ZZ)Ljava/awt/Component; @ 64 c2
Event: 1762.867 Thread 0x000002771dcdc800 Uncommon trap: reason=unstable_if action=reinterpret pc=0x000002770f73bd78 method=java.awt.Container.decreaseComponentCount(Ljava/awt/Component;)V @ 58 c2
Event: 1766.056 Thread 0x000002771dcdc800 Uncommon trap: reason=bimorphic_or_optimized_type_check action=maybe_recompile pc=0x000002770e81c26c method=java.util.TreeMap.getEntryUsingComparator(Ljava/lang/Object;)Ljava/util/TreeMap$Entry; @ 29 c2
Event: 1766.062 Thread 0x000002771dcdc800 Uncommon trap: reason=class_check action=maybe_recompile pc=0x000002770ebc09ec method=java.lang.Throwable.<init>()V @ 24 c2

Classes redefined (0 events):
No events

Internal exceptions (10 events):
Event: 1510.831 Thread 0x000002771dcdc800 Exception <a 'java/lang/NoSuchMethodError'{0x0000000707dbbac8}: java.lang.invoke.DirectMethodHandle$Holder.invokeSpecial(Ljava/lang/Object;Ljava/lang/Object;ILjava/lang/Object;)V> (0x0000000707dbbac8) thrown at [t:/workspace/hotspot/src/share/vm/interpret
Event: 1510.831 Thread 0x000002771dcdc800 Exception <a 'java/lang/NoSuchMethodError'{0x0000000707dc13f0}: java.lang.invoke.DirectMethodHandle$Holder.invokeStatic(Ljava/lang/Object;Ljava/lang/Object;ILjava/lang/Object;)Ljava/lang/Object;> (0x0000000707dc13f0) thrown at [t:/workspace/hotspot/src/sh
Event: 1512.451 Thread 0x000002771dcdc800 Implicit null exception at 0x000002770e736dc2 to 0x000002770e736f92
Event: 1544.906 Thread 0x000002771dcdc800 Implicit null exception at 0x000002770eed6bb2 to 0x000002770eed7035
Event: 1741.559 Thread 0x000002771dcdc800 Exception <a 'java/lang/NoSuchMethodError'{0x0000000706f06020}: java.lang.invoke.DirectMethodHandle$Holder.invokeSpecial(Ljava/lang/Object;Ljava/lang/Object;IILjava/lang/Object;Ljava/lang/Object;Ljava/lang/Object;ILjava/lang/Object;)Ljava/lang/Object;> (0
Event: 1741.559 Thread 0x000002771dcdc800 Exception <a 'java/lang/NoSuchMethodError'{0x0000000706f09a90}: java.lang.invoke.DelegatingMethodHandle$Holder.reinvoke_L(Ljava/lang/Object;IILjava/lang/Object;Ljava/lang/Object;Ljava/lang/Object;ILjava/lang/Object;)Ljava/lang/Object;> (0x0000000706f09a90
Event: 1741.560 Thread 0x000002771dcdc800 Exception <a 'java/lang/NoSuchMethodError'{0x0000000706f617e8}: method resolution failed> (0x0000000706f617e8) thrown at [t:/workspace/hotspot/src/share/vm/prims/methodHandles.cpp, line 1256]
Event: 1741.561 Thread 0x000002771dcdc800 Exception <a 'java/lang/NoSuchMethodError'{0x0000000706f654c8}: java.lang.invoke.DelegatingMethodHandle$Holder.reinvoke_L(Ljava/lang/Object;Ljava/lang/Object;Ljava/lang/Object;Ljava/lang/Object;ILjava/lang/Object;)Ljava/lang/Object;> (0x0000000706f654c8) 
Event: 1743.296 Thread 0x000002771dcdc800 Exception <a 'java/lang/NoSuchMethodError'{0x000000070907da80}: java.lang.invoke.DirectMethodHandle$Holder.invokeSpecial(Ljava/lang/Object;Ljava/lang/Object;IILjava/lang/Object;Ljava/lang/Object;I)Ljava/lang/Object;> (0x000000070907da80) thrown at [t:/wor
Event: 1743.297 Thread 0x000002771dcdc800 Exception <a 'java/lang/NoSuchMethodError'{0x0000000709080f58}: java.lang.invoke.DelegatingMethodHandle$Holder.reinvoke_L(Ljava/lang/Object;IILjava/lang/Object;Ljava/lang/Object;I)Ljava/lang/Object;> (0x0000000709080f58) thrown at [t:/workspace/hotspot/sr

Events (10 events):
Event: 1767.786 Executing VM operation: BulkRevokeBias done
Event: 1767.788 Thread 0x000002771fdcf000 Thread added: 0x000002771fdcf000
Event: 1767.790 Executing VM operation: RevokeBias
Event: 1767.792 Executing VM operation: RevokeBias done
Event: 1767.793 Executing VM operation: RevokeBias
Event: 1767.793 Executing VM operation: RevokeBias done
Event: 1767.940 Thread 0x000002771fdc9000 Thread added: 0x000002771fdc9000
Event: 1767.944 Thread 0x000002771fdc9000 Thread exited: 0x000002771fdc9000
Event: 1768.941 Thread 0x000002771fdcc800 Thread added: 0x000002771fdcc800
Event: 1768.949 Thread 0x000002771fdcc800 Thread exited: 0x000002771fdcc800


Dynamic libraries:
0x00007ff79a890000 - 0x00007ff79a8c0000 	D:\xilinx\Vivado\2019.1\bin\unwrapped\win64.o\vivado.exe
0x00007ffb25340000 - 0x00007ffb25530000 	C:\Windows\SYSTEM32\ntdll.dll
0x00007ffb24620000 - 0x00007ffb246d2000 	C:\Windows\System32\KERNEL32.DLL
0x00007ffb22ea0000 - 0x00007ffb23143000 	C:\Windows\System32\KERNELBASE.dll
0x00007ffb20280000 - 0x00007ffb2030f000 	C:\Windows\SYSTEM32\apphelp.dll
0x00007ffb224f0000 - 0x00007ffb225ea000 	C:\Windows\System32\ucrtbase.dll
0x00007ffb18aa0000 - 0x00007ffb18ab4000 	D:\xilinx\Vivado\2019.1\lib\win64.o\libboost_signals.dll
0x00007ffadf5b0000 - 0x00007ffae0492000 	D:\xilinx\Vivado\2019.1\lib\win64.o\librdi_common.dll
0x00007ffb04b00000 - 0x00007ffb04b99000 	C:\Windows\SYSTEM32\MSVCP140.dll
0x00007ffb24ab0000 - 0x00007ffb24c44000 	C:\Windows\System32\USER32.dll
0x00007ffb108b0000 - 0x00007ffb108c6000 	C:\Windows\SYSTEM32\VCRUNTIME140.dll
0x00007ffb224c0000 - 0x00007ffb224e1000 	C:\Windows\System32\win32u.dll
0x00007ffb0e780000 - 0x00007ffb0e794000 	D:\xilinx\Vivado\2019.1\lib\win64.o\librdi_commonmain.dll
0x00007ffb245e0000 - 0x00007ffb24606000 	C:\Windows\System32\GDI32.dll
0x00007ffb23250000 - 0x00007ffb233e4000 	C:\Windows\System32\gdi32full.dll
0x00007ffb231b0000 - 0x00007ffb2324e000 	C:\Windows\System32\msvcp_win.dll
0x00007ffb0a3e0000 - 0x00007ffb0a3f4000 	D:\xilinx\Vivado\2019.1\lib\win64.o\libboost_date_time.dll
0x00007ffae4a70000 - 0x00007ffae4dde000 	D:\xilinx\Vivado\2019.1\lib\win64.o\libCOIN-all.dll
0x00007ffb23e30000 - 0x00007ffb23ed3000 	C:\Windows\System32\ADVAPI32.dll
0x00007ffb002a0000 - 0x00007ffb002c6000 	D:\xilinx\Vivado\2019.1\lib\win64.o\libboost_filesystem.dll
0x00007ffb24c50000 - 0x00007ffb24cee000 	C:\Windows\System32\msvcrt.dll
0x00007ffaf8d00000 - 0x00007ffaf8d7f000 	D:\xilinx\Vivado\2019.1\lib\win64.o\libboost_program_options.dll
0x00007ffb18a30000 - 0x00007ffb18a3b000 	D:\xilinx\Vivado\2019.1\lib\win64.o\libboost_system.dll
0x00007ffb24a10000 - 0x00007ffb24aa7000 	C:\Windows\System32\sechost.dll
0x00007ffaf4c50000 - 0x00007ffaf4d64000 	D:\xilinx\Vivado\2019.1\lib\win64.o\libboost_regex.dll
0x00007ffb24890000 - 0x00007ffb249b0000 	C:\Windows\System32\RPCRT4.dll
0x00007ffaff8b0000 - 0x00007ffaff8d1000 	D:\xilinx\Vivado\2019.1\lib\win64.o\libboost_thread.dll
0x00007ffb23ee0000 - 0x00007ffb245c5000 	C:\Windows\System32\SHELL32.dll
0x00007ffb184f0000 - 0x00007ffb184ff000 	D:\xilinx\Vivado\2019.1\lib\win64.o\libboost_xilinx.dll
0x00007ffaf44c0000 - 0x00007ffaf4542000 	D:\xilinx\Vivado\2019.1\lib\win64.o\libhdlpsolve.dll
0x00007ffb22320000 - 0x00007ffb2236a000 	C:\Windows\System32\cfgmgr32.dll
0x00007ffae5150000 - 0x00007ffae51f5000 	D:\xilinx\Vivado\2019.1\lib\win64.o\libhdxml.dll
0x00007ffb24cf0000 - 0x00007ffb24d99000 	C:\Windows\System32\shcore.dll
0x00007ffb23af0000 - 0x00007ffb23e26000 	C:\Windows\System32\combase.dll
0x00007ffb225f0000 - 0x00007ffb22670000 	C:\Windows\System32\bcryptPrimitives.dll
0x00007ffaff350000 - 0x00007ffaff37e000 	D:\xilinx\Vivado\2019.1\lib\win64.o\libisl_sysinfo.dll
0x00007ffb22720000 - 0x00007ffb22e9f000 	C:\Windows\System32\windows.storage.dll
0x00007ffb24e20000 - 0x00007ffb24e8f000 	C:\Windows\System32\WS2_32.dll
0x00007ffb22290000 - 0x00007ffb222af000 	C:\Windows\System32\profapi.dll
0x00007ffafd530000 - 0x00007ffafd595000 	D:\xilinx\Vivado\2019.1\lib\win64.o\liblmx6.0.dll
0x00007ffb22220000 - 0x00007ffb2226a000 	C:\Windows\System32\powrprof.dll
0x00007ffb07420000 - 0x00007ffb0743a000 	D:\xilinx\Vivado\2019.1\lib\win64.o\pthreadVC2.dll
0x00007ffb22210000 - 0x00007ffb22220000 	C:\Windows\System32\UMPDC.dll
0x00007ffb24da0000 - 0x00007ffb24df2000 	C:\Windows\System32\shlwapi.dll
0x00007ffae5020000 - 0x00007ffae5141000 	D:\xilinx\Vivado\2019.1\lib\win64.o\librdi_commonxillic.dll
0x00007ffb01490000 - 0x00007ffb014ac000 	D:\xilinx\Vivado\2019.1\lib\win64.o\librdiconfig.dll
0x00007ffb22270000 - 0x00007ffb22281000 	C:\Windows\System32\kernel.appcore.dll
0x00007ffb22300000 - 0x00007ffb22317000 	C:\Windows\System32\cryptsp.dll
0x00007ffaff160000 - 0x00007ffaff181000 	D:\xilinx\Vivado\2019.1\lib\win64.o\librdizlib.dll
0x00000000520d0000 - 0x00000000521fb000 	D:\xilinx\Vivado\2019.1\lib\win64.o\tcl85t.dll
0x0000000012000000 - 0x0000000012270000 	D:\xilinx\Vivado\2019.1\lib\win64.o\xerces-c_3_1.dll
0x00007ffb150b0000 - 0x00007ffb150ba000 	D:\xilinx\Vivado\2019.1\lib\win64.o\librdi_commonversion.dll
0x00007ffb0d380000 - 0x00007ffb0d397000 	C:\Windows\SYSTEM32\NETAPI32.dll
0x00007ffb11f50000 - 0x00007ffb12426000 	C:\Windows\SYSTEM32\WININET.dll
0x00007ffb17510000 - 0x00007ffb17600000 	C:\Windows\SYSTEM32\WINHTTP.dll
0x00007ffb172f0000 - 0x00007ffb174c6000 	C:\Windows\SYSTEM32\urlmon.dll
0x00007ffb098a0000 - 0x00007ffb098ad000 	D:\xilinx\Vivado\2019.1\lib\win64.o\libboost_chrono.dll
0x00007ffae0e20000 - 0x00007ffae10f8000 	D:\xilinx\Vivado\2019.1\lib\win64.o\libXil_lmgr11.dll
0x00007ffb237a0000 - 0x00007ffb23870000 	C:\Windows\System32\COMDLG32.dll
0x00007ffb23870000 - 0x00007ffb23934000 	C:\Windows\System32\OLEAUT32.dll
0x00007ffb23400000 - 0x00007ffb23556000 	C:\Windows\System32\ole32.dll
0x00007ffb08b70000 - 0x00007ffb08b79000 	C:\Windows\SYSTEM32\WSOCK32.dll
0x00007ffad7d70000 - 0x00007ffad8c01000 	D:\xilinx\Vivado\2019.1\lib\win64.o\gurobi65.dll
0x00007ffb23150000 - 0x00007ffb231ac000 	C:\Windows\System32\WINTRUST.dll
0x00007ffafe670000 - 0x00007ffafe699000 	C:\Windows\SYSTEM32\VCOMP140.DLL
0x00007ffb222b0000 - 0x00007ffb222c2000 	C:\Windows\System32\MSASN1.dll
0x00007ffb22370000 - 0x00007ffb224b9000 	C:\Windows\System32\CRYPT32.dll
0x00007ffb17ba0000 - 0x00007ffb17e46000 	C:\Windows\SYSTEM32\iertutil.dll
0x00007ffb1be50000 - 0x00007ffb1bef9000 	C:\Windows\WinSxS\amd64_microsoft.windows.common-controls_6595b64144ccf1df_5.82.18362.418_none_2a23d356466d526c\COMCTL32.dll
0x00007ffb1c740000 - 0x00007ffb1c75c000 	C:\Windows\SYSTEM32\dhcpcsvc.DLL
0x00007ffb24610000 - 0x00007ffb24618000 	C:\Windows\System32\NSI.dll
0x00007ffb21c50000 - 0x00007ffb21c5c000 	C:\Windows\SYSTEM32\CRYPTBASE.DLL
0x00007ffade080000 - 0x00007ffadec2f400 	D:\xilinx\Vivado\2019.1\lib\win64.o\libisl_iostreams.dll
0x00007ffaff890000 - 0x00007ffaff8ab000 	D:\xilinx\Vivado\2019.1\lib\win64.o\libboost_iostreams.dll
0x00007ffb218a0000 - 0x00007ffb218ac000 	C:\Windows\SYSTEM32\NETUTILS.DLL
0x00007ffafa690000 - 0x00007ffafa6b5000 	D:\xilinx\Vivado\2019.1\lib\win64.o\libisl_iosutils.dll
0x00007ffb23770000 - 0x00007ffb2379e000 	C:\Windows\System32\IMM32.DLL
0x00007ffae0900000 - 0x00007ffae0e17000 	D:\xilinx\Vivado\2019.1\lib\win64.o\librdi_commontasks.dll
0x00007ffb1c3e0000 - 0x00007ffb1c3ea000 	C:\Windows\SYSTEM32\VERSION.dll
0x00007ffadf320000 - 0x00007ffadf5a6000 	D:\xilinx\Vivado\2019.1\lib\win64.o\librdi_sio.dll
0x00007ffb21790000 - 0x00007ffb217ca000 	C:\Windows\SYSTEM32\IPHLPAPI.DLL
0x00000000516a0000 - 0x00000000520c5000 	D:\xilinx\Vivado\2019.1\tps\win64\jre9.0.4\bin\server\jvm.dll
0x00007ffb233f0000 - 0x00007ffb233f8000 	C:\Windows\System32\PSAPI.DLL
0x00007ffb20340000 - 0x00007ffb20364000 	C:\Windows\SYSTEM32\WINMM.dll
0x00007ffae4f30000 - 0x00007ffae501f000 	C:\Windows\SYSTEM32\MSVCR120.dll
0x00007ffb20310000 - 0x00007ffb2033d000 	C:\Windows\SYSTEM32\winmmbase.dll
0x00007ffb21a80000 - 0x00007ffb21ae7000 	C:\Windows\SYSTEM32\MSWSOCK.DLL
0x00007ffad2090000 - 0x00007ffad454c000 	D:\xilinx\Vivado\2019.1\lib\win64.o\librdi_tcltasks.dll
0x00007ffae43d0000 - 0x00007ffae4561000 	D:\xilinx\Vivado\2019.1\lib\win64.o\librdi_board.dll
0x00007ffae36a0000 - 0x00007ffae3718000 	D:\xilinx\Vivado\2019.1\lib\win64.o\librdi_boarddep.dll
0x00007ffadac30000 - 0x00007ffadb038000 	D:\xilinx\Vivado\2019.1\lib\win64.o\librdi_bitstream.dll
0x00007ffae0810000 - 0x00007ffae08fb000 	D:\xilinx\Vivado\2019.1\lib\win64.o\librdi_chipscope.dll
0x00007ffad6380000 - 0x00007ffad7d6a000 	D:\xilinx\Vivado\2019.1\lib\win64.o\librdi_constraints.dll
0x00007ffaddec0000 - 0x00007ffade07d000 	D:\xilinx\Vivado\2019.1\lib\win64.o\librdi_chipscopeimpl.dll
0x00007ffac9320000 - 0x00007ffacb1d1000 	D:\xilinx\Vivado\2019.1\lib\win64.o\librdi_coregen.dll
0x00007ffae06b0000 - 0x00007ffae0806000 	D:\xilinx\Vivado\2019.1\lib\win64.o\librdi_containers.dll
0x00007ffac52d0000 - 0x00007ffac9313000 	D:\xilinx\Vivado\2019.1\lib\win64.o\librdi_designutils.dll
0x00007ffad9e50000 - 0x00007ffada16e000 	D:\xilinx\Vivado\2019.1\lib\win64.o\librdi_dlyest.dll
0x00007ffad96f0000 - 0x00007ffad9c8a000 	D:\xilinx\Vivado\2019.1\lib\win64.o\librdi_drc.dll
0x00007ffada550000 - 0x00007ffadac2a000 	D:\xilinx\Vivado\2019.1\lib\win64.o\librdi_coregenipxact.dll
0x00007ffadf250000 - 0x00007ffadf314000 	D:\xilinx\Vivado\2019.1\lib\win64.o\librdi_dsp.dll
0x00007ffad90a0000 - 0x00007ffad96ed000 	D:\xilinx\Vivado\2019.1\lib\win64.o\librdi_filemgmt.dll
0x00007ffadf1e0000 - 0x00007ffadf245000 	D:\xilinx\Vivado\2019.1\lib\win64.o\librdi_hdf.dll
0x00007ffad0ad0000 - 0x00007ffad2090000 	D:\xilinx\Vivado\2019.1\lib\win64.o\librdi_implflow.dll
0x00007ffad5f50000 - 0x00007ffad6233000 	D:\xilinx\Vivado\2019.1\lib\win64.o\librdi_guitools.dll
0x00007ffad5300000 - 0x00007ffad5915000 	D:\xilinx\Vivado\2019.1\lib\win64.o\librdi_memdata.dll
0x00007ffadde40000 - 0x00007ffaddeb3000 	D:\xilinx\Vivado\2019.1\lib\win64.o\librdi_memoryarray.dll
0x00007ffacf670000 - 0x00007ffacfd12000 	D:\xilinx\Vivado\2019.1\lib\win64.o\librdi_netlist.dll
0x00007ffaf8ae0000 - 0x00007ffaf8b2b000 	D:\xilinx\Vivado\2019.1\lib\win64.o\librdi_pfi.dll
0x00007ffab0820000 - 0x00007ffab2e96000 	D:\xilinx\Vivado\2019.1\lib\win64.o\librdi_place.dll
0x00007ffad5c40000 - 0x00007ffad5f4f000 	D:\xilinx\Vivado\2019.1\lib\win64.o\librdi_platform.dll
0x00007ffaad3e0000 - 0x00007ffaadb2a000 	D:\xilinx\Vivado\2019.1\lib\win64.o\librdi_power.dll
0x00007ffad0550000 - 0x00007ffad0acf000 	D:\xilinx\Vivado\2019.1\lib\win64.o\librdi_project.dll
0x00007ffaaccd0000 - 0x00007ffaad3d9000 	D:\xilinx\Vivado\2019.1\lib\win64.o\librdi_psta.dll
0x00007ffab2ea0000 - 0x00007ffac52cc000 	D:\xilinx\Vivado\2019.1\lib\win64.o\librdi_device.dll
0x00007ffad4860000 - 0x00007ffad4c51000 	D:\xilinx\Vivado\2019.1\lib\win64.o\librdi_runs.dll
0x00007ffaadb30000 - 0x00007ffab0816000 	D:\xilinx\Vivado\2019.1\lib\win64.o\librdi_mig.dll
0x00007ffada3e0000 - 0x00007ffada4da000 	D:\xilinx\Vivado\2019.1\lib\win64.o\librdi_runsbase.dll
0x00007ffaab7a0000 - 0x00007ffaac5b1000 	D:\xilinx\Vivado\2019.1\lib\win64.o\librdi_timing.dll
0x00007ffaac5c0000 - 0x00007ffaaccc6000 	D:\xilinx\Vivado\2019.1\lib\win64.o\librdi_rsb.dll
0x00007ffad8c90000 - 0x00007ffad8ee6000 	D:\xilinx\Vivado\2019.1\lib\win64.o\librdi_simdata.dll
0x00007ffaf4a30000 - 0x00007ffaf4a7c000 	D:\xilinx\Vivado\2019.1\lib\win64.o\libboost_serialization.dll
0x00007ffad5aa0000 - 0x00007ffad5c3f000 	D:\xilinx\Vivado\2019.1\lib\win64.o\librdi_hip_devdesign.dll
0x00007ffada310000 - 0x00007ffada3d2000 	D:\xilinx\Vivado\2019.1\lib\win64.o\librdi_ipconfig_readwrite.dll
0x00007ffae1860000 - 0x00007ffae18a3000 	D:\xilinx\Vivado\2019.1\lib\win64.o\librdi_noc_frameworks.dll
0x00007ffaaac50000 - 0x00007ffaab797000 	D:\xilinx\Vivado\2019.1\lib\win64.o\libverific.dll
0x00007ffaaa860000 - 0x00007ffaaac45000 	D:\xilinx\Vivado\2019.1\lib\win64.o\librdi_hip_config.dll
0x00007ffaaa310000 - 0x00007ffaaa85e000 	D:\xilinx\Vivado\2019.1\lib\win64.o\librdi_xdm.dll

VM Arguments:
jvm_args: -Dsun.java2d.pmoffscreen=false -Dsun.java2d.xrender=false -Dsun.java2d.d3d=false -Dsun.awt.nopixfmt=true -Dsun.java2d.dpiaware=true -Dsun.java2d.uiScale.enabled=false -Xverify:none -Dswing.aatext=true -XX:-UsePerfData -Djdk.map.althashing.threshold=512 -XX:StringTableSize=4072 --add-opens=java.base/java.nio=ALL-UNNAMED --add-opens=java.desktop/sun.swing=ALL-UNNAMED --add-opens=java.desktop/javax.swing=ALL-UNNAMED --add-opens=java.desktop/javax.swing.tree=ALL-UNNAMED --add-opens=java.desktop/javax.swing.plaf.basic=ALL-UNNAMED --add-opens=java.desktop/javax.swing.plaf.synth=ALL-UNNAMED --add-opens=java.desktop/com.sun.awt=ALL-UNNAMED -XX:NewSize=60m -XX:MaxNewSize=60m -Xms128m -Xmx3072m -Xss5m 
java_command: <unknown>
java_class_path (initial): D:/xilinx/Vivado/2019.1\lib\classes\alloy.jar;D:/xilinx/Vivado/2019.1\lib\classes\autopilot.scelaborator.jar;D:/xilinx/Vivado/2019.1\lib\classes\autopilot.sourceprocessor.jar;D:/xilinx/Vivado/2019.1\lib\classes\autopilot.tbprocessor.jar;D:/xilinx/Vivado/2019.1\lib\classes\batik-anim.jar;D:/xilinx/Vivado/2019.1\lib\classes\batik-awt-util.jar;D:/xilinx/Vivado/2019.1\lib\classes\batik-bridge.jar;D:/xilinx/Vivado/2019.1\lib\classes\batik-codec.jar;D:/xilinx/Vivado/2019.1\lib\classes\batik-css.jar;D:/xilinx/Vivado/2019.1\lib\classes\batik-dom.jar;D:/xilinx/Vivado/2019.1\lib\classes\batik-ext.jar;D:/xilinx/Vivado/2019.1\lib\classes\batik-gui-util.jar;D:/xilinx/Vivado/2019.1\lib\classes\batik-gvt.jar;D:/xilinx/Vivado/2019.1\lib\classes\batik-parser.jar;D:/xilinx/Vivado/2019.1\lib\classes\batik-script.jar;D:/xilinx/Vivado/2019.1\lib\classes\batik-svg-dom.jar;D:/xilinx/Vivado/2019.1\lib\classes\batik-swing.jar;D:/xilinx/Vivado/2019.1\lib\classes\batik-transcoder.jar;D:/xilinx/Vivado/2019.1\lib\classes\batik-util.jar;D:/xilinx/Vivado/2019.1\lib\classes\batik-xml.jar;D:/xilinx/Vivado/2019.1\lib\classes\com.google.gson_2.7.0.v20170129-0911.jar;D:/xilinx/Vivado/2019.1\lib\classes\com.google.guava_21.0.0.v20170206-1425.jar;D:/xilinx/Vivado/2019.1\lib\classes\com.google.inject_3.0.0.v201605172100.jar;D:/xilinx/Vivado/2019.1\lib\classes\com.ibm.icu_4.4.2.v20110208.jar;D:/xilinx/Vivado/2019.1\lib\classes\com.sigasi.hdt.annotations.runtime_4.3.0.201903071210.jar;D:/xilinx/Vivado/2019.1\lib\classes\com.sigasi.hdt.blockdiagram.model_4.3.0.201903071210.jar;D:/xilinx/Vivado/2019.1\lib\classes\com.sigasi.hdt.connection_4.3.0.201903071210.jar;D:/xilinx/Vivado/2019.1\lib\classes\com.sigasi.hdt.dependencies.model_4.3.0.201903071210.jar;D:/xilinx/Vivado/2019.1\lib\classes\com.sigasi.hdt.epl_4.3.0.201903071210.jar;D:/xilinx/Vivado/2019.1\lib\classes\com.sigasi.hdt.graphics.model_4.3.0.201903071210.jar;D:/xilinx/Vivado/2019.1\lib\classes\com.sigasi.hdt.project_4.3.0
Launcher Type: generic

Logging:
Log output configuration:
#0: stdout all=warning uptime,level,tags
#1: stderr all=off uptime,level,tags

Environment Variables:
JAVA_HOME=C:\Program Files\Java\jdk-12.0.1
CLASSPATH=  .;C:\Program Files\Java\jdk-12.0.1\lib;C:\Program Files\Java\jdk-12.0.1\lib\tools.jar
PATH=D:/xilinx/Vivado/2019.1/bin;D:/xilinx/Vivado/2019.1/lib/win64.o;D:/xilinx/Vivado/2019.1/tps/win64/jre9.0.4/bin/server;D:/xilinx/Vivado/2019.1/tps/win64/jre9.0.4/bin;D:/xilinx/SDK/2019.1/bin;D:/xilinx/Vivado/2019.1/ids_lite/ISE/bin/nt64;D:/xilinx/Vivado/2019.1/ids_lite/ISE/lib/nt64;C:\Windows\system32;C:\Windows;C:\Windows\System32\Wbem;C:\Windows\System32\WindowsPowerShell\v1.0\;C:\Windows\System32\OpenSSH\;C:\Program Files\Polyspace\R2019a\runtime\win64;C:\Program Files\Polyspace\R2019a\bin;C:\Program Files\Polyspace\R2019a\polyspace\bin;C:\Program Files\Java\jdk-12.0.1\bin;c:\azpr\azprasm;C:\Program Files\Common Files\Autodesk Shared\;C:\Program Files\Microsoft SQL Server\120\Tools\Binn\;C:\Program Files\CMake\bin;C:\Users\Administrator\AppData\Local\Microsoft\WindowsApps;C:\ProgramData\Administrator\GitHubDesktop\bin;C:\Users\Administrator\AppData\Local\Programs\Microsoft VS Code\bin;C:\Users\Administrator\AppData\Local\GitHubDesktop\bin;D:/xilinx/Vivado/2019.1\tps\mingw\6.2.0\win64.o\nt\bin;D:/xilinx/Vivado/2019.1\tps\mingw\6.2.0\win64.o\nt\libexec\gcc\x86_64-w64-mingw32\6.2.0;D:/xilinx/Vivado/2019.1\tps\win64\python-2.7.5;D:/xilinx/Vivado/2019.1\tps\win64\python-2.7.5\lib;D:/xilinx/Vivado/2019.1\tps\win64\python-2.7.5\Lib\lib-tk;D:/xilinx/Vivado/2019.1\tps\win64\python-2.7.5\lib\site-packages
USERNAME=Administrator
OS=Windows_NT
PROCESSOR_IDENTIFIER=Intel64 Family 6 Model 94 Stepping 3, GenuineIntel



---------------  S Y S T E M  ---------------

OS: Windows 10 , 64 bit Build 18362 (10.0.18362.329)

CPU:total 4 (initial active 4) (4 cores per cpu, 1 threads per core) family 6 model 94 stepping 3, cmov, cx8, fxsr, mmx, sse, sse2, sse3, ssse3, sse4.1, sse4.2, popcnt, avx, avx2, aes, clmul, erms, rtm, 3dnowpref, lzcnt, tsc, tscinvbit, bmi1, bmi2, adx, fma

Memory: 4k page, physical 16736344k(8671768k free), swap 19226712k(9376912k free)

vm_info: Java HotSpot(TM) 64-Bit Server VM (9.0.4+11) for windows-amd64 JRE (9.0.4+11), built on Dec 20 2017 02:18:54 by "mach5one" with MS VC++ 12.0 (VS2013)

END.
